[LicensingClient] Error: Code 10 while verifying Licensing Client signature (process Id: 22156, path: "C:/Program Files/Unity Hub/UnityLicensingClient_V1/Unity.Licensing.Client.exe")
[Licensing::Module] Error: LicensingClient has failed validation
[LicensingClient] Channel doesn't exist: "LicenseClient-mattm-2021.3.0"
[Licensing::Module] Successfully launched the LicensingClient (PId: 25316)
[LicensingClient] Handshaking with LicensingClient (version: 1.9.0+249add7)
[Licensing::Module] Successfully connected to LicensingClient on channel: "LicenseClient-mattm-2021.3.0" (connect: 0.52s, validation: 0.06s, handshake: 1.01s)
[Licensing::Module] Connected to LicensingClient (PId: 25316, launch time: 0.00, total connection time: 1.59s)
Entitlement-based licensing initiated
[Licensing::Module] Successfully updated the access token gr_uK23-bFmiOpyMsIjizWvnxIlFe49Q65Gxdd814Dk003f
[LicensingClient] Licenses updated successfully

LICENSE SYSTEM [2022726 23:22:38] Next license update check is after 2022-07-28T05:22:39


LICENSE SYSTEM [2022726 23:22:38] Current license is already valid and activated. Skipping license activation process (Provided username/password will be ignored).
Built from '2021.3/staging' branch; Version is '2021.3.0f1 (6eacc8284459) revision 7253192'; Using compiler version '192829333'; Build Type 'Release'
OS: 'Windows 10  (10.0.19044) 64bit Core' Language: 'en' Physical Memory: 16311 MB
[Licensing::Module] Serial number assigned to: "F4-A5XW-F34C-FM5X-SEY5-XXXX"
BatchMode: 0, IsHumanControllingUs: 1, StartBugReporterOnCrash: 1, Is64bit: 1, IsPro: 0
[Package Manager] Server::Start -- Port 52319 was selected

COMMAND LINE ARGUMENTS:
C:\Program Files\Unity\Hub\Editor\2021.3.0f1\Editor\Unity.exe
-projectpath
C:\GIT\Research-2022\Flute Hero
-useHub
-hubIPC
-cloudEnvironment
production
-licensingIpc
LicenseClient-mattm
-hubSessionId
d58b7600-0d68-11ed-a03a-d37d2ee058cb
-accessToken
gr_uK23-bFmiOpyMsIjizWvnxIlFe49Q65Gxdd814Dk003f
Successfully changed project path to: C:\GIT\Research-2022\Flute Hero
C:/GIT/Research-2022/Flute Hero
[UnityMemory] Configuration Parameters - Can be set up in boot.config
    "memorysetup-bucket-allocator-granularity=16"
    "memorysetup-bucket-allocator-bucket-count=8"
    "memorysetup-bucket-allocator-block-size=33554432"
    "memorysetup-bucket-allocator-block-count=8"
    "memorysetup-main-allocator-block-size=16777216"
    "memorysetup-thread-allocator-block-size=16777216"
    "memorysetup-gfx-main-allocator-block-size=16777216"
    "memorysetup-gfx-thread-allocator-block-size=16777216"
    "memorysetup-cache-allocator-block-size=4194304"
    "memorysetup-typetree-allocator-block-size=2097152"
    "memorysetup-profiler-bucket-allocator-granularity=16"
    "memorysetup-profiler-bucket-allocator-bucket-count=8"
    "memorysetup-profiler-bucket-allocator-block-size=33554432"
    "memorysetup-profiler-bucket-allocator-block-count=8"
    "memorysetup-profiler-allocator-block-size=16777216"
    "memorysetup-profiler-editor-allocator-block-size=1048576"
    "memorysetup-temp-allocator-size-main=16777216"
    "memorysetup-job-temp-allocator-block-size=2097152"
    "memorysetup-job-temp-allocator-block-size-background=1048576"
    "memorysetup-job-temp-allocator-reduction-small-platforms=262144"
    "memorysetup-temp-allocator-size-background-worker=32768"
    "memorysetup-temp-allocator-size-job-worker=262144"
    "memorysetup-temp-allocator-size-preload-manager=33554432"
    "memorysetup-temp-allocator-size-nav-mesh-worker=65536"
    "memorysetup-temp-allocator-size-audio-worker=65536"
    "memorysetup-temp-allocator-size-cloud-worker=32768"
    "memorysetup-temp-allocator-size-gi-baking-worker=262144"
    "memorysetup-temp-allocator-size-gfx=262144"
[Package Manager] Restoring resolved packages state from cache
[Package Manager] 
Registered 57 packages:
  Packages from [https://packages.unity.com]:
    com.unity.collab-proxy@1.15.15 (location: C:\GIT\Research-2022\Flute Hero\Library\PackageCache\com.unity.collab-proxy@1.15.15)
    com.unity.ide.rider@3.0.13 (location: C:\GIT\Research-2022\Flute Hero\Library\PackageCache\com.unity.ide.rider@3.0.13)
    com.unity.ide.visualstudio@2.0.14 (location: C:\GIT\Research-2022\Flute Hero\Library\PackageCache\com.unity.ide.visualstudio@2.0.14)
    com.unity.ide.vscode@1.2.5 (location: C:\GIT\Research-2022\Flute Hero\Library\PackageCache\com.unity.ide.vscode@1.2.5)
    com.unity.postprocessing@3.2.2 (location: C:\GIT\Research-2022\Flute Hero\Library\PackageCache\com.unity.postprocessing@3.2.2)
    com.unity.test-framework@1.1.31 (location: C:\GIT\Research-2022\Flute Hero\Library\PackageCache\com.unity.test-framework@1.1.31)
    com.unity.textmeshpro@3.0.6 (location: C:\GIT\Research-2022\Flute Hero\Library\PackageCache\com.unity.textmeshpro@3.0.6)
    com.unity.timeline@1.6.4 (location: C:\GIT\Research-2022\Flute Hero\Library\PackageCache\com.unity.timeline@1.6.4)
    com.unity.visualscripting@1.7.6 (location: C:\GIT\Research-2022\Flute Hero\Library\PackageCache\com.unity.visualscripting@1.7.6)
    com.unity.ext.nunit@1.0.6 (location: C:\GIT\Research-2022\Flute Hero\Library\PackageCache\com.unity.ext.nunit@1.0.6)
    com.unity.2d.animation@7.0.4 (location: C:\GIT\Research-2022\Flute Hero\Library\PackageCache\com.unity.2d.animation@7.0.4)
    com.unity.2d.pixel-perfect@5.0.1 (location: C:\GIT\Research-2022\Flute Hero\Library\PackageCache\com.unity.2d.pixel-perfect@5.0.1)
    com.unity.2d.psdimporter@6.0.3 (location: C:\GIT\Research-2022\Flute Hero\Library\PackageCache\com.unity.2d.psdimporter@6.0.3)
    com.unity.2d.spriteshape@7.0.4 (location: C:\GIT\Research-2022\Flute Hero\Library\PackageCache\com.unity.2d.spriteshape@7.0.4)
    com.unity.2d.tilemap.extras@2.2.1 (location: C:\GIT\Research-2022\Flute Hero\Library\PackageCache\com.unity.2d.tilemap.extras@2.2.1)
    com.unity.services.core@1.0.1 (location: C:\GIT\Research-2022\Flute Hero\Library\PackageCache\com.unity.services.core@1.0.1)
    com.unity.mathematics@1.2.5 (location: C:\GIT\Research-2022\Flute Hero\Library\PackageCache\com.unity.mathematics@1.2.5)
    com.unity.2d.common@6.0.3 (location: C:\GIT\Research-2022\Flute Hero\Library\PackageCache\com.unity.2d.common@6.0.3)
    com.unity.2d.path@5.0.2 (location: C:\GIT\Research-2022\Flute Hero\Library\PackageCache\com.unity.2d.path@5.0.2)
    com.unity.burst@1.6.5 (location: C:\GIT\Research-2022\Flute Hero\Library\PackageCache\com.unity.burst@1.6.5)
  Built-in packages:
    com.unity.feature.2d@1.0.0 (location: C:\GIT\Research-2022\Flute Hero\Library\PackageCache\com.unity.feature.2d@1.0.0)
    com.unity.ugui@1.0.0 (location: C:\GIT\Research-2022\Flute Hero\Library\PackageCache\com.unity.ugui@1.0.0)
    com.unity.modules.ai@1.0.0 (location: C:\GIT\Research-2022\Flute Hero\Library\PackageCache\com.unity.modules.ai@1.0.0)
    com.unity.modules.androidjni@1.0.0 (location: C:\GIT\Research-2022\Flute Hero\Library\PackageCache\com.unity.modules.androidjni@1.0.0)
    com.unity.modules.animation@1.0.0 (location: C:\GIT\Research-2022\Flute Hero\Library\PackageCache\com.unity.modules.animation@1.0.0)
    com.unity.modules.assetbundle@1.0.0 (location: C:\GIT\Research-2022\Flute Hero\Library\PackageCache\com.unity.modules.assetbundle@1.0.0)
    com.unity.modules.audio@1.0.0 (location: C:\GIT\Research-2022\Flute Hero\Library\PackageCache\com.unity.modules.audio@1.0.0)
    com.unity.modules.cloth@1.0.0 (location: C:\GIT\Research-2022\Flute Hero\Library\PackageCache\com.unity.modules.cloth@1.0.0)
    com.unity.modules.director@1.0.0 (location: C:\GIT\Research-2022\Flute Hero\Library\PackageCache\com.unity.modules.director@1.0.0)
    com.unity.modules.imageconversion@1.0.0 (location: C:\GIT\Research-2022\Flute Hero\Library\PackageCache\com.unity.modules.imageconversion@1.0.0)
    com.unity.modules.imgui@1.0.0 (location: C:\GIT\Research-2022\Flute Hero\Library\PackageCache\com.unity.modules.imgui@1.0.0)
    com.unity.modules.jsonserialize@1.0.0 (location: C:\GIT\Research-2022\Flute Hero\Library\PackageCache\com.unity.modules.jsonserialize@1.0.0)
    com.unity.modules.particlesystem@1.0.0 (location: C:\GIT\Research-2022\Flute Hero\Library\PackageCache\com.unity.modules.particlesystem@1.0.0)
    com.unity.modules.physics@1.0.0 (location: C:\GIT\Research-2022\Flute Hero\Library\PackageCache\com.unity.modules.physics@1.0.0)
    com.unity.modules.physics2d@1.0.0 (location: C:\GIT\Research-2022\Flute Hero\Library\PackageCache\com.unity.modules.physics2d@1.0.0)
    com.unity.modules.screencapture@1.0.0 (location: C:\GIT\Research-2022\Flute Hero\Library\PackageCache\com.unity.modules.screencapture@1.0.0)
    com.unity.modules.terrain@1.0.0 (location: C:\GIT\Research-2022\Flute Hero\Library\PackageCache\com.unity.modules.terrain@1.0.0)
    com.unity.modules.terrainphysics@1.0.0 (location: C:\GIT\Research-2022\Flute Hero\Library\PackageCache\com.unity.modules.terrainphysics@1.0.0)
    com.unity.modules.tilemap@1.0.0 (location: C:\GIT\Research-2022\Flute Hero\Library\PackageCache\com.unity.modules.tilemap@1.0.0)
    com.unity.modules.ui@1.0.0 (location: C:\GIT\Research-2022\Flute Hero\Library\PackageCache\com.unity.modules.ui@1.0.0)
    com.unity.modules.uielements@1.0.0 (location: C:\GIT\Research-2022\Flute Hero\Library\PackageCache\com.unity.modules.uielements@1.0.0)
    com.unity.modules.umbra@1.0.0 (location: C:\GIT\Research-2022\Flute Hero\Library\PackageCache\com.unity.modules.umbra@1.0.0)
    com.unity.modules.unityanalytics@1.0.0 (location: C:\GIT\Research-2022\Flute Hero\Library\PackageCache\com.unity.modules.unityanalytics@1.0.0)
    com.unity.modules.unitywebrequest@1.0.0 (location: C:\GIT\Research-2022\Flute Hero\Library\PackageCache\com.unity.modules.unitywebrequest@1.0.0)
    com.unity.modules.unitywebrequestassetbundle@1.0.0 (location: C:\GIT\Research-2022\Flute Hero\Library\PackageCache\com.unity.modules.unitywebrequestassetbundle@1.0.0)
    com.unity.modules.unitywebrequestaudio@1.0.0 (location: C:\GIT\Research-2022\Flute Hero\Library\PackageCache\com.unity.modules.unitywebrequestaudio@1.0.0)
    com.unity.modules.unitywebrequesttexture@1.0.0 (location: C:\GIT\Research-2022\Flute Hero\Library\PackageCache\com.unity.modules.unitywebrequesttexture@1.0.0)
    com.unity.modules.unitywebrequestwww@1.0.0 (location: C:\GIT\Research-2022\Flute Hero\Library\PackageCache\com.unity.modules.unitywebrequestwww@1.0.0)
    com.unity.modules.vehicles@1.0.0 (location: C:\GIT\Research-2022\Flute Hero\Library\PackageCache\com.unity.modules.vehicles@1.0.0)
    com.unity.modules.video@1.0.0 (location: C:\GIT\Research-2022\Flute Hero\Library\PackageCache\com.unity.modules.video@1.0.0)
    com.unity.modules.vr@1.0.0 (location: C:\GIT\Research-2022\Flute Hero\Library\PackageCache\com.unity.modules.vr@1.0.0)
    com.unity.modules.wind@1.0.0 (location: C:\GIT\Research-2022\Flute Hero\Library\PackageCache\com.unity.modules.wind@1.0.0)
    com.unity.modules.xr@1.0.0 (location: C:\GIT\Research-2022\Flute Hero\Library\PackageCache\com.unity.modules.xr@1.0.0)
    com.unity.modules.subsystems@1.0.0 (location: C:\GIT\Research-2022\Flute Hero\Library\PackageCache\com.unity.modules.subsystems@1.0.0)
    com.unity.modules.uielementsnative@1.0.0 (location: C:\GIT\Research-2022\Flute Hero\Library\PackageCache\com.unity.modules.uielementsnative@1.0.0)
    com.unity.2d.sprite@1.0.0 (location: C:\GIT\Research-2022\Flute Hero\Library\PackageCache\com.unity.2d.sprite@1.0.0)
    com.unity.2d.tilemap@1.0.0 (location: C:\GIT\Research-2022\Flute Hero\Library\PackageCache\com.unity.2d.tilemap@1.0.0)

[Subsystems] No new subsystems found in resolved package list.
Package Manager log level set to [2]
[Package Manager] Done registering packages in 0.09s seconds
Refreshing native plugins compatible for Editor in 10.10 ms, found 4 plugins.
Preloading 0 native plugins for Editor in 0.00 ms.
Initialize engine version: 2021.3.0f1 (6eacc8284459)
[Subsystems] Discovering subsystems at path C:/Program Files/Unity/Hub/Editor/2021.3.0f1/Editor/Data/Resources/UnitySubsystems
[Subsystems] Discovering subsystems at path C:/GIT/Research-2022/Flute Hero/Assets
GfxDevice: creating device client; threaded=1; jobified=0
Direct3D:
    Version:  Direct3D 11.0 [level 11.1]
    Renderer: NVIDIA GeForce GTX 1060 6GB (ID=0x1c03)
    Vendor:   NVIDIA
    VRAM:     6052 MB
    Driver:   30.0.14.9729
Initialize mono
Mono path[0] = 'C:/Program Files/Unity/Hub/Editor/2021.3.0f1/Editor/Data/Managed'
Mono path[1] = 'C:/Program Files/Unity/Hub/Editor/2021.3.0f1/Editor/Data/MonoBleedingEdge/lib/mono/unityjit-win32'
Mono config path = 'C:/Program Files/Unity/Hub/Editor/2021.3.0f1/Editor/Data/MonoBleedingEdge/etc'
Using monoOptions --debugger-agent=transport=dt_socket,embedding=1,server=y,suspend=n,address=127.0.0.1:56100
Using cacheserver namespaces - metadata:defaultmetadata, artifacts:defaultartifacts
Using cacheserver namespaces - metadata:defaultmetadata, artifacts:defaultartifacts
ImportWorker Server TCP listen port: 0
AcceleratorClientConnectionCallback - disconnected - :0
Begin MonoManager ReloadAssembly
Registering precompiled unity dll's ...
Register platform support module: C:/Program Files/Unity/Hub/Editor/2021.3.0f1/Editor/Data/PlaybackEngines/WebGLSupport/UnityEditor.WebGL.Extensions.dll
Register platform support module: C:/Program Files/Unity/Hub/Editor/2021.3.0f1/Editor/Data/PlaybackEngines/WindowsStandaloneSupport/UnityEditor.WindowsStandalone.Extensions.dll
Registered in 0.009678 seconds.
Native extension for WindowsStandalone target not found
Native extension for WebGL target not found
Refreshing native plugins compatible for Editor in 3.86 ms, found 4 plugins.
Preloading 0 native plugins for Editor in 0.00 ms.
Mono: successfully reloaded assembly
- Completed reload, in  0.746 seconds
Domain Reload Profiling:
	ReloadAssembly (746ms)
		BeginReloadAssembly (101ms)
			ExecutionOrderSort (0ms)
			DisableScriptedObjects (0ms)
			BackupInstance (0ms)
			ReleaseScriptingObjects (0ms)
			CreateAndSetChildDomain (1ms)
		EndReloadAssembly (485ms)
			LoadAssemblies (98ms)
			RebuildTransferFunctionScriptingTraits (0ms)
			SetupTypeCache (123ms)
			ReleaseScriptCaches (0ms)
			RebuildScriptCaches (31ms)
			SetupLoadedEditorAssemblies (271ms)
				LogAssemblyErrors (0ms)
				InitializePlatformSupportModulesInManaged (11ms)
				SetLoadedEditorAssemblies (0ms)
				RefreshPlugins (4ms)
				BeforeProcessingInitializeOnLoad (1ms)
				ProcessInitializeOnLoadAttributes (190ms)
				ProcessInitializeOnLoadMethodAttributes (64ms)
				AfterProcessingInitializeOnLoad (0ms)
				EditorAssembliesLoaded (0ms)
			ExecutionOrderSort2 (0ms)
			AwakeInstancesAfterBackupRestoration (0ms)
Platform modules already initialized, skipping
Application.AssetDatabase Initial Refresh Start
Registering precompiled user dll's ...
Registered in 0.010027 seconds.
Starting: C:\Program Files\Unity\Hub\Editor\2021.3.0f1\Editor\Data\bee_backend.exe --profile="Library/Bee/backend_profiler0.traceevents" --stdin-canary --dagfile="Library/Bee/1900b0aE.dag" --continue-on-failure ScriptAssemblies
WorkingDir: C:/GIT/Research-2022/Flute Hero
ExitCode: 0 Duration: 1s150ms
[517/522    0s] Csc Library/Bee/artifacts/1900b0aE.dag/Assembly-CSharp.dll (+2 others)
Assets\Scripts\AB_Belt_Controller.cs(45,19): warning CS0414: The field 'AB_Belt_Controller.previousVoltage' is assigned but its value is never used

Assets\Scripts\EmitterMovement.cs(22,36): warning CS0414: The field 'EmitterMovement.hMovespeed' is assigned but its value is never used

Assets\Scripts\PlayerController.cs(44,19): warning CS0414: The field 'PlayerController.previousVoltage' is assigned but its value is never used

Assets\Scripts\RIB_Belt_Controller.cs(41,19): warning CS0414: The field 'RIB_Belt_Controller.previousVoltage' is assigned but its value is never used

Assets\Scripts\AB_Belt_Controller.cs(42,18): warning CS0414: The field 'AB_Belt_Controller.calibrationAllowed' is assigned but its value is never used

Assets\Scripts\RIB_Belt_Controller.cs(38,18): warning CS0414: The field 'RIB_Belt_Controller.calibrationAllowed' is assigned but its value is never used

Assets\Scripts\RIB_Belt_Controller.cs(30,28): warning CS0414: The field 'RIB_Belt_Controller.defaultXPos' is assigned but its value is never used

Assets\Scripts\PlayerController.cs(41,18): warning CS0414: The field 'PlayerController.calibrationAllowed' is assigned but its value is never used
*** Tundra build success (1.10 seconds), 1 items updated, 522 evaluated
Assets\Scripts\AB_Belt_Controller.cs(45,19): warning CS0414: The field 'AB_Belt_Controller.previousVoltage' is assigned but its value is never used
Assets\Scripts\EmitterMovement.cs(22,36): warning CS0414: The field 'EmitterMovement.hMovespeed' is assigned but its value is never used
Assets\Scripts\PlayerController.cs(44,19): warning CS0414: The field 'PlayerController.previousVoltage' is assigned but its value is never used
Assets\Scripts\RIB_Belt_Controller.cs(41,19): warning CS0414: The field 'RIB_Belt_Controller.previousVoltage' is assigned but its value is never used
Assets\Scripts\AB_Belt_Controller.cs(42,18): warning CS0414: The field 'AB_Belt_Controller.calibrationAllowed' is assigned but its value is never used
Assets\Scripts\RIB_Belt_Controller.cs(38,18): warning CS0414: The field 'RIB_Belt_Controller.calibrationAllowed' is assigned but its value is never used
Assets\Scripts\RIB_Belt_Controller.cs(30,28): warning CS0414: The field 'RIB_Belt_Controller.defaultXPos' is assigned but its value is never used
Assets\Scripts\PlayerController.cs(41,18): warning CS0414: The field 'PlayerController.calibrationAllowed' is assigned but its value is never used
AssetDatabase: script compilation time: 1.555615s
Begin MonoManager ReloadAssembly
Symbol file LoadedFromMemory doesn't match image C:\GIT\Research-2022\Flute Hero\Library\PackageCache\com.unity.visualscripting@1.7.6\Editor\VisualScripting.Core\Dependencies\YamlDotNet\Unity.VisualScripting.YamlDotNet.dll
Symbol file LoadedFromMemory is not a mono symbol file
Symbol file LoadedFromMemory doesn't match image C:\GIT\Research-2022\Flute Hero\Library\PackageCache\com.unity.visualscripting@1.7.6\Editor\VisualScripting.Core\Dependencies\DotNetZip\Unity.VisualScripting.IonicZip.dll
Native extension for WindowsStandalone target not found
Native extension for WebGL target not found
Refreshing native plugins compatible for Editor in 108.58 ms, found 4 plugins.
Preloading 0 native plugins for Editor in 0.00 ms.
Mono: successfully reloaded assembly
- Completed reload, in  2.246 seconds
Domain Reload Profiling:
	ReloadAssembly (2247ms)
		BeginReloadAssembly (140ms)
			ExecutionOrderSort (0ms)
			DisableScriptedObjects (7ms)
			BackupInstance (0ms)
			ReleaseScriptingObjects (0ms)
			CreateAndSetChildDomain (24ms)
		EndReloadAssembly (1976ms)
			LoadAssemblies (105ms)
			RebuildTransferFunctionScriptingTraits (0ms)
			SetupTypeCache (318ms)
			ReleaseScriptCaches (1ms)
			RebuildScriptCaches (70ms)
			SetupLoadedEditorAssemblies (1387ms)
				LogAssemblyErrors (0ms)
				InitializePlatformSupportModulesInManaged (15ms)
				SetLoadedEditorAssemblies (0ms)
				RefreshPlugins (109ms)
				BeforeProcessingInitializeOnLoad (120ms)
				ProcessInitializeOnLoadAttributes (990ms)
				ProcessInitializeOnLoadMethodAttributes (140ms)
				AfterProcessingInitializeOnLoad (13ms)
				EditorAssembliesLoaded (0ms)
			ExecutionOrderSort2 (0ms)
			AwakeInstancesAfterBackupRestoration (9ms)
Platform modules already initialized, skipping
Registering precompiled user dll's ...
Registered in 0.010837 seconds.
Asset Pipeline Refresh: Total: 6.337 seconds - Initiated by InitialRefreshV2(ForceSynchronousImport)
	Summary:
		Imports: total=0 (actual=0, local cache=0, cache server=0)
		Asset DB Process Time: managed=0 ms, native=1230 ms
		Asset DB Callback time: managed=37 ms, native=0 ms
		Scripting: domain reloads=1, domain reload time=2402 ms, compile time=1558 ms, other=1106 ms
		Project Asset Count: scripts=4946, non-scripts=1617
		Asset File Changes: new=0, changed=0, moved=0, deleted=0
		Scan Filter Count: 1
	InvokeBeforeRefreshCallbacks: 0.969ms
	ApplyChangesToAssetFolders: 0.123ms
	Scan: 754.611ms
	OnSourceAssetsModified: 0.001ms
	InitializeImportedAssetsSnapshot: 14.668ms
	GetAllGuidsForCategorization: 1.818ms
	CategorizeAssets: 271.913ms
	ImportOutOfDateAssets: 5101.919ms (3541.013ms without children)
		CompileScripts: 1557.904ms
		EnsureUptoDateAssetsAreRegisteredWithGuidPM: 1.589ms
		InitializingProgressBar: 0.025ms
		PostProcessAllAssetNotificationsAddChangedAssets: 0.602ms
		OnDemandSchedulerStart: 0.785ms
	ReloadSourceAssets: 1.196ms
	UnloadImportedAssets: 29.426ms
	PostProcessAllAssets: 37.139ms
	GatherAllCurrentPrimaryArtifactRevisions: 0.000ms
	UnloadStreamsBegin: 0.978ms
	LoadedImportedAssetsSnapshotReleaseGCHandles: 1.980ms
	GetLoadedSourceAssetsSnapshot: 1.512ms
	PersistCurrentRevisions: 0.218ms
	UnloadStreamsEnd: 0.027ms
	GenerateScriptTypeHashes: 1.504ms
	Untracked: 155.456ms
Application.AssetDatabase Initial Refresh End
Launched and connected shader compiler UnityShaderCompiler.exe after 0.08 seconds
Scanning for USB devices : 38.257ms
Initializing Unity extensions:
Registering precompiled user dll's ...
Registered in 0.008212 seconds.
Asset Pipeline Refresh: Total: 0.105 seconds - Initiated by RefreshV2(NoUpdateAssetOptions)
[MODES] ModeService[none].Initialize
[MODES] ModeService[none].LoadModes
[MODES] Loading mode Default (0) for mode-current-id-Flute Hero
Unloading 146 Unused Serialized files (Serialized files now loaded: 0)
ProgressiveSceneManager::Cancel()
Loaded scene 'Assets/Scenes/Bars/Bar_Easy.unity'
	Deserialize:            11.522 ms
	Integration:            130.900 ms
	Integration of assets:  1.024 ms
	Thread Wait Time:       0.009 ms
	Total Operation Time:   143.455 ms
Unloading 222 unused Assets / (1.8 MB). Loaded Objects now: 4797.
Memory consumption went from 205.2 MB to 203.5 MB.
Total: 6.026100 ms (FindLiveObjects: 0.472600 ms CreateObjectMapping: 0.142400 ms MarkObjects: 4.754100 ms  DeleteObjects: 0.656000 ms)

[LAYOUT] About to load UserSettings\Layouts\default-2021.dwlt, keepMainWindow=False
<RI> Initialized touch support.
<RI> Initialized touch support.
<RI> Initialized touch support.
<RI> Initialized touch support.
<RI> Initialized touch support.
<RI> Initialized touch support.
[MODES] ModeService[default].InitializeCurrentMode
[MODES] ModeService[default].RaiseModeChanged(default, default)
IsTimeToCheckForNewEditor: Update time 1658901669 current 1658899369
<RI> Initializing input.
<RI> Input initialized.
[Project] Loading completed in 14.578 seconds
	Project init time: 				0.000 seconds
		Template init time: 		0.000 seconds
		Package Manager init time: 		0.000 seconds
		Asset Database init time: 		0.000 seconds
		Global illumination init time: 	0.000 seconds
		Assemblies load time: 			0.000 seconds
		Unity extensions init time: 	0.000 seconds
		Asset Database refresh time: 	0.000 seconds
	Scene opening time: 			0.000 seconds
Created GICache directory at C:/Users/mattm/AppData/LocalLow/Unity/Caches/GiCache. Took: 0.028s, timestamps: [15.458 - 15.486]
gi::BakeBackendSwitch: switching bake backend from 3 to 1.
Setting up 6 worker threads for Enlighten.
[Licensing::Module] Successfully updated access token: "gr_uK23-"... (expires: 2023-07-27 05:22:51 GMT)
TrimDiskCacheJob: Current cache size 4mb
Asset Pipeline Refresh: Total: 0.047 seconds - Initiated by RefreshV2(AllowForceSynchronousImport)
Asset Pipeline Refresh: Total: 0.037 seconds - Initiated by RefreshV2(AllowForceSynchronousImport)
SpriteAtlasPacking completed in 0.026457 sec
Reloading assemblies for play mode.
Registering precompiled user dll's ...
Registered in 0.008328 seconds.
Reloading assemblies after forced synchronous recompile.
Begin MonoManager ReloadAssembly
Symbol file LoadedFromMemory doesn't match image C:\GIT\Research-2022\Flute Hero\Library\PackageCache\com.unity.visualscripting@1.7.6\Editor\VisualScripting.Core\Dependencies\YamlDotNet\Unity.VisualScripting.YamlDotNet.dll
Symbol file LoadedFromMemory is not a mono symbol file
Symbol file LoadedFromMemory doesn't match image C:\GIT\Research-2022\Flute Hero\Library\PackageCache\com.unity.visualscripting@1.7.6\Editor\VisualScripting.Core\Dependencies\DotNetZip\Unity.VisualScripting.IonicZip.dll
Native extension for WindowsStandalone target not found
Native extension for WebGL target not found
Refreshing native plugins compatible for Editor in 6.65 ms, found 4 plugins.
Preloading 0 native plugins for Editor in 0.00 ms.
[MODES] ModeService[none].Initialize
[MODES] ModeService[none].LoadModes
[MODES] Loading mode Default (0) for mode-current-id-Flute Hero
Mono: successfully reloaded assembly
- Completed reload, in  2.076 seconds
Domain Reload Profiling:
	ReloadAssembly (2077ms)
		BeginReloadAssembly (264ms)
			ExecutionOrderSort (0ms)
			DisableScriptedObjects (50ms)
			BackupInstance (0ms)
			ReleaseScriptingObjects (0ms)
			CreateAndSetChildDomain (103ms)
		EndReloadAssembly (1697ms)
			LoadAssemblies (107ms)
			RebuildTransferFunctionScriptingTraits (0ms)
			SetupTypeCache (258ms)
			ReleaseScriptCaches (2ms)
			RebuildScriptCaches (65ms)
			SetupLoadedEditorAssemblies (536ms)
				LogAssemblyErrors (0ms)
				InitializePlatformSupportModulesInManaged (13ms)
				SetLoadedEditorAssemblies (0ms)
				RefreshPlugins (7ms)
				BeforeProcessingInitializeOnLoad (113ms)
				ProcessInitializeOnLoadAttributes (345ms)
				ProcessInitializeOnLoadMethodAttributes (46ms)
				AfterProcessingInitializeOnLoad (10ms)
				EditorAssembliesLoaded (0ms)
			ExecutionOrderSort2 (0ms)
			AwakeInstancesAfterBackupRestoration (487ms)
Platform modules already initialized, skipping
Registering precompiled user dll's ...
Registered in 0.008205 seconds.
Asset Pipeline Refresh: Total: 2.317 seconds - Initiated by StopAssetImportingV2(ForceSynchronousImport | ForceDomainReload)
	Summary:
		Imports: total=0 (actual=0, local cache=0, cache server=0)
		Asset DB Process Time: managed=0 ms, native=175 ms
		Asset DB Callback time: managed=35 ms, native=0 ms
		Scripting: domain reloads=1, domain reload time=2103 ms, compile time=2 ms, other=0 ms
		Project Asset Count: scripts=4946, non-scripts=1617
		Asset File Changes: new=0, changed=0, moved=0, deleted=0
		Scan Filter Count: 0
	InvokeBeforeRefreshCallbacks: 0.641ms
	ApplyChangesToAssetFolders: 0.067ms
	Scan: 0.000ms
	OnSourceAssetsModified: 0.001ms
	InitializeImportedAssetsSnapshot: 26.698ms
	GetAllGuidsForCategorization: 1.384ms
	CategorizeAssets: 105.972ms
	ImportOutOfDateAssets: 2111.729ms (2108.159ms without children)
		CompileScripts: 1.587ms
		EnsureUptoDateAssetsAreRegisteredWithGuidPM: 1.088ms
		InitializingProgressBar: 0.001ms
		PostProcessAllAssetNotificationsAddChangedAssets: 0.657ms
		OnDemandSchedulerStart: 0.239ms
	ReloadSourceAssets: 3.096ms
	UnloadImportedAssets: 1.232ms
	PostProcessAllAssets: 35.331ms
	GatherAllCurrentPrimaryArtifactRevisions: 0.239ms
	UnloadStreamsBegin: 0.048ms
	LoadedImportedAssetsSnapshotReleaseGCHandles: 1.738ms
	GetLoadedSourceAssetsSnapshot: 3.856ms
	PersistCurrentRevisions: 0.208ms
	UnloadStreamsEnd: 0.033ms
	GenerateScriptTypeHashes: 1.280ms
	Untracked: 59.576ms
Loaded scene 'Temp/__Backupscenes/0.backup'
	Deserialize:            9.950 ms
	Integration:            62.054 ms
	Integration of assets:  0.034 ms
	Thread Wait Time:       0.009 ms
	Total Operation Time:   72.048 ms

=================================================================
	Native Crash Reporting
=================================================================
Got a UNKNOWN while executing native code. This usually indicates
a fatal error in the mono runtime or one of the native libraries 
used by your application.
=================================================================

=================================================================
	Managed Stacktrace:
=================================================================
	  at <unknown> <0xffffffff>
	  at Phidget22.Phidget22Imports:Phidget_close <0x00089>
	  at Phidget22.Phidget:Close <0x00022>
	  at AB_Belt_Controller:OnApplicationQuit <0x0002a>
	  at System.Object:runtime_invoke_void__this__ <0x00087>
=================================================================
Received signal SIGSEGV
Obtained 22 stack frames
0x000001e3cd7e988f (phidget22) Phidget_close
0x000001e2f7a8835a (Mono JIT Code) (wrapper managed-to-native) Phidget22.Phidget22Imports:Phidget_close (intptr)
0x000001e2f7a88273 (Mono JIT Code) Phidget22.Phidget:Close ()
0x000001e2f7a889fb (Mono JIT Code) [AB_Belt_Controller.cs:224] AB_Belt_Controller:OnApplicationQuit () 
0x000001e267746958 (Mono JIT Code) (wrapper runtime-invoke) object:runtime_invoke_void__this__ (object,intptr,intptr,intptr)
0x00007ffa3681e0a4 (mono-2.0-bdwgc) [mini-runtime.c:3445] mono_jit_runtime_invoke 
0x00007ffa3675e744 (mono-2.0-bdwgc) [object.c:3066] do_runtime_invoke 
0x00007ffa3675e8dc (mono-2.0-bdwgc) [object.c:3113] mono_runtime_invoke 
0x00007ff7a559ecf4 (Unity) scripting_method_invoke
0x00007ff7a5599914 (Unity) ScriptingInvocation::Invoke
0x00007ff7a556beeb (Unity) MonoBehaviour::HandleNotifications
0x00007ff7a4f3f71b (Unity) GameObject::SendMessageAny
0x00007ff7a524ce02 (Unity) SendMessageToEveryone
0x00007ff7a5284196 (Unity) NotifyPlayerQuit
0x00007ff7a6191c54 (Unity) PlayerLoopController::ExitPlayMode
0x00007ff7a61a0ce1 (Unity) PlayerLoopController::SetIsPlaying
0x00007ff7a61a3fed (Unity) Application::TickTimer
0x00007ff7a65ebf7a (Unity) MainMessageLoop
0x00007ff7a65f084b (Unity) WinMain
0x00007ff7a7911d4e (Unity) __scrt_common_main_seh
0x00007ffabbbd7034 (KERNEL32) BaseThreadInitThunk
0x00007ffabc022651 (ntdll) RtlUserThreadStart

